[debug] [2023-03-13T02:45:08.764Z] ----------------------------------------------------------------------
[debug] [2023-03-13T02:45:08.765Z] Command:       /usr/local/bin/firebase /Users/csimpmacmini/.cache/firebase/tools/lib/node_modules/firebase-tools/lib/bin/firebase init
[debug] [2023-03-13T02:45:08.765Z] CLI Version:   11.24.1
[debug] [2023-03-13T02:45:08.766Z] Platform:      darwin
[debug] [2023-03-13T02:45:08.766Z] Node Version:  v16.16.0
[debug] [2023-03-13T02:45:08.767Z] Time:          Sun Mar 12 2023 22:45:08 GMT-0400 (Eastern Daylight Time)
[debug] [2023-03-13T02:45:08.767Z] ----------------------------------------------------------------------
[debug] 
[debug] [2023-03-13T02:45:08.875Z] > command requires scopes: ["email","openid","https://www.googleapis.com/auth/cloudplatformprojects.readonly","https://www.googleapis.com/auth/firebase","https://www.googleapis.com/auth/cloud-platform"]
[debug] [2023-03-13T02:45:08.876Z] > authorizing via signed-in user (csimp330@gmail.com)
[info] 
     ######## #### ########  ######## ########     ###     ######  ########
     ##        ##  ##     ## ##       ##     ##  ##   ##  ##       ##
     ######    ##  ########  ######   ########  #########  ######  ######
     ##        ##  ##    ##  ##       ##     ## ##     ##       ## ##
     ##       #### ##     ## ######## ########  ##     ##  ######  ########

You're about to initialize a Firebase project in this directory:

  /Users/csimpmacmini/Desktop/website/my-app

Before we get started, keep in mind:

  * You are initializing within an existing Firebase project directory

[info] 
=== Project Setup
[info] 
[info] First, let's associate this project directory with a Firebase project.
[info] You can create multiple project aliases by running firebase use --add, 
[info] but for now we'll just set up a default project.
[info] 
[debug] [2023-03-13T02:45:36.708Z] Using project from CLI flag: cdbs-dc182
[debug] [2023-03-13T02:45:36.714Z] >>> [apiv2][query] GET https://firebase.googleapis.com/v1beta1/projects/cdbs-dc182 [none]
[debug] [2023-03-13T02:45:37.003Z] <<< [apiv2][status] GET https://firebase.googleapis.com/v1beta1/projects/cdbs-dc182 200
[debug] [2023-03-13T02:45:37.006Z] <<< [apiv2][body] GET https://firebase.googleapis.com/v1beta1/projects/cdbs-dc182 {"projectId":"cdbs-dc182","projectNumber":"628407898611","displayName":"cdbs","name":"projects/cdbs-dc182","resources":{"hostingSite":"cdbs-dc182"},"state":"ACTIVE","etag":"1_f02e1a79-4279-4b7e-89c0-c7a57d7ffe08"}
[info] i  Using project cdbs-dc182 (cdbs) 
[info] 
=== Hosting Setup
[info] 
[info] Your public directory is the folder (relative to your project directory) that
[info] will contain Hosting assets to be uploaded with firebase deploy. If you
[info] have a build process for your assets, use your build's output directory.
[info] 
[info] ✔  Wrote build/404.html 
[debug] [2023-03-13T02:47:28.829Z] >>> [apiv2][query] GET https://www.gstatic.com/firebasejs/releases.json [none]
[debug] [2023-03-13T02:47:28.930Z] <<< [apiv2][status] GET https://www.gstatic.com/firebasejs/releases.json 200
[debug] [2023-03-13T02:47:28.930Z] <<< [apiv2][body] GET https://www.gstatic.com/firebasejs/releases.json {"current":{"version":"9.17.2","browserURL":"https://www.gstatic.com/firebasejs/9.17.2/firebase.js","packageURL":"https://www.gstatic.com/firebasejs/9.17.2/firebase.tgz"},"live":{"version":"9.17","browserURL":"https://www.gstatic.com/firebasejs/live/9.17/firebase.js","packageURL":"https://www.gstatic.com/firebasejs/live/9.17/firebase.tgz"},"components":{"analytics":"https://www.gstatic.com/firebasejs/9.17.2/firebase-analytics.js","app":"https://www.gstatic.com/firebasejs/9.17.2/firebase-app.js","app-check":"https://www.gstatic.com/firebasejs/9.17.2/firebase-app-check.js","auth":"https://www.gstatic.com/firebasejs/9.17.2/firebase-auth.js","auth/cordova":"https://www.gstatic.com/firebasejs/9.17.2/firebase-auth/cordova.js","auth/react-native":"https://www.gstatic.com/firebasejs/9.17.2/firebase-auth/react-native.js","functions":"https://www.gstatic.com/firebasejs/9.17.2/firebase-functions.js","firestore":"https://www.gstatic.com/firebasejs/9.17.2/firebase-firestore.js","firestore/lite":"https://www.gstatic.com/firebasejs/9.17.2/firebase-firestore/lite.js","installations":"https://www.gstatic.com/firebasejs/9.17.2/firebase-installations.js","storage":"https://www.gstatic.com/firebasejs/9.17.2/firebase-storage.js","performance":"https://www.gstatic.com/firebasejs/9.17.2/firebase-performance.js","remote-config":"https://www.gstatic.com/firebasejs/9.17.2/firebase-remote-config.js","messaging":"https://www.gstatic.com/firebasejs/9.17.2/firebase-messaging.js","messaging/sw":"https://www.gstatic.com/firebasejs/9.17.2/firebase-messaging/sw.js","database":"https://www.gstatic.com/firebasejs/9.17.2/firebase-database.js","firestore.memory":"https://www.gstatic.com/firebasejs/9.17.2/firebase-firestore.memory.js"}}
[info] i  Skipping write of build/index.html 
[info] 
[info] i  Detected a .git folder at /Users/csimpmacmini/Desktop/website/my-app 
[info] i  Authorizing with GitHub to upload your service account to a GitHub repository's secrets store. 
[info] 
[info] Visit this URL on this device to log in:
[info] https://github.com/login/oauth/authorize?client_id=89cf50f02ac6aaed3484&state=705091756&redirect_uri=http%3A%2F%2Flocalhost%3A9005&scope=read%3Auser%20repo%20public_repo
[info] 
[info] Waiting for authentication...
[debug] [2023-03-13T02:47:34.027Z] >>> [apiv2][query] POST https://github.com/login/oauth/access_token [none]
[debug] [2023-03-13T02:47:34.028Z] >>> [apiv2][body] POST https://github.com/login/oauth/access_token [stream]
[debug] [2023-03-13T02:47:34.285Z] <<< [apiv2][status] POST https://github.com/login/oauth/access_token 200
[debug] [2023-03-13T02:47:34.286Z] <<< [apiv2][body] POST https://github.com/login/oauth/access_token {"access_token":"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","token_type":"bearer","scope":"read:user,repo"}
[debug] [2023-03-13T02:47:34.304Z] >>> [apiv2][query] GET https://api.github.com/user [none]
[debug] [2023-03-13T02:47:34.569Z] <<< [apiv2][status] GET https://api.github.com/user 200
[debug] [2023-03-13T02:47:34.570Z] <<< [apiv2][body] GET https://api.github.com/user {"login":"cws330","id":94031144,"node_id":"U_kgDOBZrNKA","avatar_url":"https://avatars.githubusercontent.com/u/94031144?v=4","gravatar_id":"","url":"https://api.github.com/users/cws330","html_url":"https://github.com/cws330","followers_url":"https://api.github.com/users/cws330/followers","following_url":"https://api.github.com/users/cws330/following{/other_user}","gists_url":"https://api.github.com/users/cws330/gists{/gist_id}","starred_url":"https://api.github.com/users/cws330/starred{/owner}{/repo}","subscriptions_url":"https://api.github.com/users/cws330/subscriptions","organizations_url":"https://api.github.com/users/cws330/orgs","repos_url":"https://api.github.com/users/cws330/repos","events_url":"https://api.github.com/users/cws330/events{/privacy}","received_events_url":"https://api.github.com/users/cws330/received_events","type":"User","site_admin":false,"name":null,"company":null,"blog":"","location":null,"email":null,"hireable":null,"bio":null,"twitter_username":null,"public_repos":1,"public_gists":0,"followers":0,"following":0,"created_at":"2021-11-10T03:51:28Z","updated_at":"2023-03-13T02:42:50Z","private_gists":0,"total_private_repos":0,"owned_private_repos":0,"disk_usage":0,"collaborators":0,"two_factor_authentication":false,"plan":{"name":"free","space":976562499,"collaborators":0,"private_repos":10000}}
[info] 
[info] ✔  Success! Logged into GitHub as cws330 
[info] 
